<?xml version="1.0" encoding="UTF-8"?>
<!-- Generated by org.testng.reporters.JUnitReportReporter -->
<testsuite skipped="0" hostname="DESKTOP-JCQSJ8Q" name="Practice.DemoWebshopTest" tests="1" failures="0" timestamp="2023-01-20T17:28:39 IST" time="14.421" errors="0">
  <testcase name="DemoTest" time="14.421" classname="Practice.DemoWebshopTest"/>
  <system-out/>
</testsuite> <!-- Practice.DemoWebshopTest -->
